
> converge-nps-backend@1.0.0 dev
> nodemon --watch src --ext ts --exec ts-node src/server.ts

[33m[nodemon] 3.1.11[39m
[33m[nodemon] to restart at any time, enter `rs`[39m
[33m[nodemon] watching path(s): src/**/*[39m
[33m[nodemon] watching extensions: ts[39m
[32m[nodemon] starting `ts-node src/server.ts`[39m
2025-12-03 13:54:34 [[32minfo[39m]: Database connected successfully
2025-12-03 13:54:34 [[32minfo[39m]: Server started successfully
2025-12-03 13:54:34 [[32minfo[39m]: API endpoints available at:
2025-12-03 13:55:37 [[32minfo[39m]: GET /api/v1/users/me
2025-12-03 13:55:37 [[34mdebug[39m]: Query: SELECT "public"."user_roles"."id", "public"."user_roles"."role"::text FROM "public"."user_roles" WHERE "public"."user_roles"."user_id" = $1 OFFSET $2
2025-12-03 13:55:37 [[34mdebug[39m]: Duration: 13ms
2025-12-03 13:55:38 [[32minfo[39m]: GET /api/v1/messages/unread-count
2025-12-03 13:55:47 [[32minfo[39m]: GET /api/v1/messages/unread-count
2025-12-03 13:55:47 [[32minfo[39m]: GET /api/v1/messages/unread-count
2025-12-03 13:55:51 [[32minfo[39m]: GET /api/v1/messages/unread-count
2025-12-03 13:55:51 [[32minfo[39m]: GET /api/v1/messages/unread-count
2025-12-03 13:56:22 [[32minfo[39m]: GET /api/v1/messages/unread-count
2025-12-03 13:56:51 [[32minfo[39m]: GET /api/v1/messages/unread-count
2025-12-03 14:03:20 [[32minfo[39m]: GET /api/v1/messages/unread-count
2025-12-03 15:15:44 [[32minfo[39m]: POST /api/v1/auth/login
2025-12-03 15:15:44 [[32minfo[39m]: User logged in
2025-12-03 15:15:55 [[32minfo[39m]: GET /api/v1/messages/unread-count
2025-12-03 15:15:55 [[32minfo[39m]: GET /api/v1/sessions
2025-12-03 15:15:56 [[34mdebug[39m]: Query: SELECT "public"."user_roles"."id", "public"."user_roles"."role"::text FROM "public"."user_roles" WHERE "public"."user_roles"."user_id" = $1 OFFSET $2
2025-12-03 15:15:56 [[34mdebug[39m]: Duration: 11ms
2025-12-03 15:15:56 [[34mdebug[39m]: Query: SELECT "public"."sessions"."id", "public"."sessions"."title", "public"."sessions"."description", "public"."sessions"."speaker", "public"."sessions"."location", "public"."sessions"."session_type", "public"."sessions"."start_time", "public"."sessions"."end_time", "public"."sessions"."capacity", "public"."sessions"."registered_count", "public"."sessions"."is_featured", "public"."sessions"."requires_rsvp", "public"."sessions"."created_at", "public"."sessions"."updated_at", COALESCE("aggr_selection_0_Rsvp"."_aggr_count_rsvps", 0) AS "_aggr_count_rsvps" FROM "public"."sessions" LEFT JOIN (SELECT "public"."rsvps"."session_id", COUNT(*) AS "_aggr_count_rsvps" FROM "public"."rsvps" WHERE 1=1 GROUP BY "public"."rsvps"."session_id") AS "aggr_selection_0_Rsvp" ON ("public"."sessions"."id" = "aggr_selection_0_Rsvp"."session_id") WHERE 1=1 ORDER BY "public"."sessions"."start_time" ASC OFFSET $1
2025-12-03 15:15:56 [[34mdebug[39m]: Duration: 5ms
2025-12-03 15:16:35 [[32minfo[39m]: GET /api/v1/messages/unread-count
2025-12-03 15:16:36 [[32minfo[39m]: GET /api/v1/users/me
2025-12-03 15:16:36 [[34mdebug[39m]: Query: SELECT 1
2025-12-03 15:16:36 [[34mdebug[39m]: Duration: 5ms
2025-12-03 15:16:36 [[34mdebug[39m]: Query: SELECT "public"."user_roles"."id", "public"."user_roles"."role"::text FROM "public"."user_roles" WHERE "public"."user_roles"."user_id" = $1 OFFSET $2
2025-12-03 15:16:36 [[34mdebug[39m]: Duration: 3ms
2025-12-03 15:16:36 [[32minfo[39m]: GET /api/v1/messages/unread-count
2025-12-03 15:16:36 [[32minfo[39m]: GET /api/v1/messages/unread-count
2025-12-03 15:16:36 [[32minfo[39m]: GET /api/v1/sessions
2025-12-03 15:16:36 [[34mdebug[39m]: Query: SELECT "public"."user_roles"."id", "public"."user_roles"."role"::text FROM "public"."user_roles" WHERE "public"."user_roles"."user_id" = $1 OFFSET $2
2025-12-03 15:16:36 [[34mdebug[39m]: Duration: 1ms
2025-12-03 15:16:36 [[34mdebug[39m]: Query: SELECT "public"."sessions"."id", "public"."sessions"."title", "public"."sessions"."description", "public"."sessions"."speaker", "public"."sessions"."location", "public"."sessions"."session_type", "public"."sessions"."start_time", "public"."sessions"."end_time", "public"."sessions"."capacity", "public"."sessions"."registered_count", "public"."sessions"."is_featured", "public"."sessions"."requires_rsvp", "public"."sessions"."created_at", "public"."sessions"."updated_at", COALESCE("aggr_selection_0_Rsvp"."_aggr_count_rsvps", 0) AS "_aggr_count_rsvps" FROM "public"."sessions" LEFT JOIN (SELECT "public"."rsvps"."session_id", COUNT(*) AS "_aggr_count_rsvps" FROM "public"."rsvps" WHERE 1=1 GROUP BY "public"."rsvps"."session_id") AS "aggr_selection_0_Rsvp" ON ("public"."sessions"."id" = "aggr_selection_0_Rsvp"."session_id") WHERE 1=1 ORDER BY "public"."sessions"."start_time" ASC OFFSET $1
2025-12-03 15:16:36 [[34mdebug[39m]: Duration: 2ms
2025-12-03 15:17:17 [[32minfo[39m]: POST /api/v1/auth/login
2025-12-03 15:17:17 [[32minfo[39m]: User logged in
2025-12-03 15:17:18 [[32minfo[39m]: GET /api/v1/messages/unread-count
2025-12-03 15:17:18 [[32minfo[39m]: GET /api/v1/messages/unread-count
2025-12-03 15:17:27 [[32minfo[39m]: GET /api/v1/messages/unread-count
2025-12-03 15:17:27 [[32minfo[39m]: GET /api/v1/sessions
2025-12-03 15:17:27 [[32minfo[39m]: GET /api/v1/messages/unread-count
2025-12-03 15:17:27 [[34mdebug[39m]: Query: SELECT 1
2025-12-03 15:17:27 [[34mdebug[39m]: Duration: 22ms
2025-12-03 15:17:27 [[34mdebug[39m]: Query: SELECT "public"."user_roles"."id", "public"."user_roles"."role"::text FROM "public"."user_roles" WHERE "public"."user_roles"."user_id" = $1 OFFSET $2
2025-12-03 15:17:27 [[34mdebug[39m]: Duration: 9ms
2025-12-03 15:17:27 [[34mdebug[39m]: Query: SELECT "public"."sessions"."id", "public"."sessions"."title", "public"."sessions"."description", "public"."sessions"."speaker", "public"."sessions"."location", "public"."sessions"."session_type", "public"."sessions"."start_time", "public"."sessions"."end_time", "public"."sessions"."capacity", "public"."sessions"."registered_count", "public"."sessions"."is_featured", "public"."sessions"."requires_rsvp", "public"."sessions"."created_at", "public"."sessions"."updated_at", COALESCE("aggr_selection_0_Rsvp"."_aggr_count_rsvps", 0) AS "_aggr_count_rsvps" FROM "public"."sessions" LEFT JOIN (SELECT "public"."rsvps"."session_id", COUNT(*) AS "_aggr_count_rsvps" FROM "public"."rsvps" WHERE 1=1 GROUP BY "public"."rsvps"."session_id") AS "aggr_selection_0_Rsvp" ON ("public"."sessions"."id" = "aggr_selection_0_Rsvp"."session_id") WHERE 1=1 ORDER BY "public"."sessions"."start_time" ASC OFFSET $1
2025-12-03 15:17:27 [[34mdebug[39m]: Duration: 6ms
2025-12-03 15:17:27 [[32minfo[39m]: GET /api/v1/sessions
2025-12-03 15:17:27 [[34mdebug[39m]: Query: SELECT "public"."user_roles"."id", "public"."user_roles"."role"::text FROM "public"."user_roles" WHERE "public"."user_roles"."user_id" = $1 OFFSET $2
2025-12-03 15:17:27 [[34mdebug[39m]: Duration: 1ms
2025-12-03 15:17:27 [[34mdebug[39m]: Query: SELECT "public"."sessions"."id", "public"."sessions"."title", "public"."sessions"."description", "public"."sessions"."speaker", "public"."sessions"."location", "public"."sessions"."session_type", "public"."sessions"."start_time", "public"."sessions"."end_time", "public"."sessions"."capacity", "public"."sessions"."registered_count", "public"."sessions"."is_featured", "public"."sessions"."requires_rsvp", "public"."sessions"."created_at", "public"."sessions"."updated_at", COALESCE("aggr_selection_0_Rsvp"."_aggr_count_rsvps", 0) AS "_aggr_count_rsvps" FROM "public"."sessions" LEFT JOIN (SELECT "public"."rsvps"."session_id", COUNT(*) AS "_aggr_count_rsvps" FROM "public"."rsvps" WHERE 1=1 GROUP BY "public"."rsvps"."session_id") AS "aggr_selection_0_Rsvp" ON ("public"."sessions"."id" = "aggr_selection_0_Rsvp"."session_id") WHERE 1=1 ORDER BY "public"."sessions"."start_time" ASC OFFSET $1
2025-12-03 15:17:27 [[34mdebug[39m]: Duration: 3ms
2025-12-03 15:17:28 [[32minfo[39m]: GET /api/v1/messages/unread-count
2025-12-03 15:17:28 [[32minfo[39m]: GET /api/v1/messages/unread-count
2025-12-03 15:17:29 [[32minfo[39m]: GET /api/v1/conversations
2025-12-03 15:17:29 [[32minfo[39m]: GET /api/v1/conversations
2025-12-03 15:17:33 [[32minfo[39m]: GET /api/v1/messages/unread-count
2025-12-03 15:17:33 [[32minfo[39m]: GET /api/v1/messages/unread-count
2025-12-03 15:17:34 [[32minfo[39m]: GET /api/v1/messages/unread-count
2025-12-03 15:17:34 [[32minfo[39m]: GET /api/v1/messages/unread-count
2025-12-03 15:17:35 [[32minfo[39m]: GET /api/v1/messages/unread-count
2025-12-03 15:17:35 [[32minfo[39m]: GET /api/v1/messages/unread-count
2025-12-03 15:17:36 [[32minfo[39m]: GET /api/v1/messages/unread-count
2025-12-03 15:17:36 [[32minfo[39m]: GET /api/v1/messages/unread-count
2025-12-03 15:17:37 [[32minfo[39m]: GET /api/v1/messages/unread-count
2025-12-03 15:17:37 [[32minfo[39m]: GET /api/v1/messages/unread-count
2025-12-03 15:18:07 [[32minfo[39m]: GET /api/v1/messages/unread-count
2025-12-03 15:18:37 [[32minfo[39m]: GET /api/v1/messages/unread-count
2025-12-03 15:19:07 [[32minfo[39m]: GET /api/v1/messages/unread-count
2025-12-03 15:19:38 [[32minfo[39m]: GET /api/v1/messages/unread-count
2025-12-03 15:20:07 [[32minfo[39m]: GET /api/v1/messages/unread-count
2025-12-03 15:20:37 [[32minfo[39m]: GET /api/v1/messages/unread-count
2025-12-03 15:21:07 [[32minfo[39m]: GET /api/v1/messages/unread-count
2025-12-03 15:21:37 [[32minfo[39m]: GET /api/v1/messages/unread-count
2025-12-03 15:22:07 [[32minfo[39m]: GET /api/v1/messages/unread-count
2025-12-03 15:22:37 [[32minfo[39m]: GET /api/v1/messages/unread-count
2025-12-03 15:23:07 [[32minfo[39m]: GET /api/v1/messages/unread-count
2025-12-03 15:23:37 [[32minfo[39m]: GET /api/v1/messages/unread-count
2025-12-03 15:24:07 [[32minfo[39m]: GET /api/v1/messages/unread-count
2025-12-03 15:24:37 [[32minfo[39m]: GET /api/v1/messages/unread-count
2025-12-03 15:25:07 [[32minfo[39m]: GET /api/v1/messages/unread-count
2025-12-03 15:25:37 [[32minfo[39m]: GET /api/v1/messages/unread-count
2025-12-03 15:26:07 [[32minfo[39m]: GET /api/v1/messages/unread-count
2025-12-03 15:26:37 [[32minfo[39m]: GET /api/v1/messages/unread-count
2025-12-03 15:27:07 [[32minfo[39m]: GET /api/v1/messages/unread-count
2025-12-03 15:27:37 [[32minfo[39m]: GET /api/v1/messages/unread-count
2025-12-03 15:28:07 [[32minfo[39m]: GET /api/v1/messages/unread-count
2025-12-03 15:28:37 [[32minfo[39m]: GET /api/v1/messages/unread-count
2025-12-03 15:29:07 [[32minfo[39m]: GET /api/v1/messages/unread-count
2025-12-03 15:29:37 [[32minfo[39m]: GET /api/v1/messages/unread-count
2025-12-03 15:30:07 [[32minfo[39m]: GET /api/v1/messages/unread-count
2025-12-03 15:30:37 [[32minfo[39m]: GET /api/v1/messages/unread-count
2025-12-03 15:31:08 [[32minfo[39m]: GET /api/v1/messages/unread-count
2025-12-03 15:31:38 [[32minfo[39m]: GET /api/v1/messages/unread-count
2025-12-03 15:32:07 [[32minfo[39m]: GET /api/v1/messages/unread-count
2025-12-03 15:32:37 [[32minfo[39m]: GET /api/v1/messages/unread-count
2025-12-03 15:33:07 [[32minfo[39m]: GET /api/v1/messages/unread-count
2025-12-03 15:33:37 [[32minfo[39m]: GET /api/v1/messages/unread-count
2025-12-03 15:34:07 [[32minfo[39m]: GET /api/v1/messages/unread-count
2025-12-03 15:34:37 [[32minfo[39m]: GET /api/v1/messages/unread-count
2025-12-03 15:35:07 [[32minfo[39m]: GET /api/v1/messages/unread-count
2025-12-03 15:35:37 [[32minfo[39m]: GET /api/v1/messages/unread-count
2025-12-03 15:36:07 [[32minfo[39m]: GET /api/v1/messages/unread-count
2025-12-03 15:36:37 [[32minfo[39m]: GET /api/v1/messages/unread-count
2025-12-03 15:37:07 [[32minfo[39m]: GET /api/v1/messages/unread-count
2025-12-03 15:37:37 [[32minfo[39m]: GET /api/v1/messages/unread-count
2025-12-03 15:38:07 [[32minfo[39m]: GET /api/v1/messages/unread-count
2025-12-03 15:38:37 [[32minfo[39m]: GET /api/v1/messages/unread-count
2025-12-03 15:39:07 [[32minfo[39m]: GET /api/v1/messages/unread-count
2025-12-03 15:39:37 [[32minfo[39m]: GET /api/v1/messages/unread-count
2025-12-03 15:40:07 [[32minfo[39m]: GET /api/v1/messages/unread-count
2025-12-03 15:40:37 [[32minfo[39m]: GET /api/v1/messages/unread-count
2025-12-03 15:41:07 [[32minfo[39m]: GET /api/v1/messages/unread-count
2025-12-03 15:41:37 [[32minfo[39m]: GET /api/v1/messages/unread-count
2025-12-03 15:42:07 [[32minfo[39m]: GET /api/v1/messages/unread-count
2025-12-03 15:42:37 [[32minfo[39m]: GET /api/v1/messages/unread-count
2025-12-03 15:43:07 [[32minfo[39m]: GET /api/v1/messages/unread-count
2025-12-03 15:43:37 [[32minfo[39m]: GET /api/v1/messages/unread-count
2025-12-03 15:44:07 [[32minfo[39m]: GET /api/v1/messages/unread-count
2025-12-03 15:44:37 [[32minfo[39m]: GET /api/v1/messages/unread-count
2025-12-03 15:45:07 [[32minfo[39m]: GET /api/v1/messages/unread-count
2025-12-03 15:45:37 [[32minfo[39m]: GET /api/v1/messages/unread-count
2025-12-03 15:46:07 [[32minfo[39m]: GET /api/v1/messages/unread-count
2025-12-03 15:46:37 [[32minfo[39m]: GET /api/v1/messages/unread-count
2025-12-03 15:47:07 [[32minfo[39m]: GET /api/v1/messages/unread-count
2025-12-03 15:47:37 [[32minfo[39m]: GET /api/v1/messages/unread-count
2025-12-03 15:48:07 [[32minfo[39m]: GET /api/v1/messages/unread-count
2025-12-03 15:48:37 [[32minfo[39m]: GET /api/v1/messages/unread-count
2025-12-03 15:49:07 [[32minfo[39m]: GET /api/v1/messages/unread-count
2025-12-03 15:49:37 [[32minfo[39m]: GET /api/v1/messages/unread-count
2025-12-03 15:50:07 [[32minfo[39m]: GET /api/v1/messages/unread-count
2025-12-03 15:50:38 [[32minfo[39m]: GET /api/v1/messages/unread-count
2025-12-03 15:51:07 [[32minfo[39m]: GET /api/v1/messages/unread-count
2025-12-03 15:51:37 [[32minfo[39m]: GET /api/v1/messages/unread-count
2025-12-03 15:52:07 [[32minfo[39m]: GET /api/v1/messages/unread-count
2025-12-03 15:52:37 [[32minfo[39m]: GET /api/v1/messages/unread-count
2025-12-03 15:53:07 [[32minfo[39m]: GET /api/v1/messages/unread-count
2025-12-03 15:53:38 [[32minfo[39m]: GET /api/v1/messages/unread-count
2025-12-03 15:54:07 [[32minfo[39m]: GET /api/v1/messages/unread-count
2025-12-03 15:54:37 [[32minfo[39m]: GET /api/v1/messages/unread-count
2025-12-03 15:55:07 [[32minfo[39m]: GET /api/v1/messages/unread-count
2025-12-03 15:55:37 [[32minfo[39m]: GET /api/v1/messages/unread-count
2025-12-03 15:56:08 [[32minfo[39m]: GET /api/v1/messages/unread-count
2025-12-03 15:56:38 [[32minfo[39m]: GET /api/v1/messages/unread-count
2025-12-03 15:57:09 [[32minfo[39m]: GET /api/v1/messages/unread-count
2025-12-03 15:58:09 [[32minfo[39m]: GET /api/v1/messages/unread-count
2025-12-03 15:58:53 [[32minfo[39m]: GET /api/v1/messages/unread-count
2025-12-03 15:59:09 [[32minfo[39m]: GET /api/v1/messages/unread-count
2025-12-03 16:00:09 [[32minfo[39m]: GET /api/v1/messages/unread-count
2025-12-03 16:01:09 [[32minfo[39m]: GET /api/v1/messages/unread-count
2025-12-03 16:02:09 [[32minfo[39m]: GET /api/v1/messages/unread-count
2025-12-03 16:03:09 [[32minfo[39m]: GET /api/v1/messages/unread-count
2025-12-03 16:04:09 [[32minfo[39m]: GET /api/v1/messages/unread-count
2025-12-03 16:05:09 [[32minfo[39m]: GET /api/v1/messages/unread-count
2025-12-03 16:06:09 [[32minfo[39m]: GET /api/v1/messages/unread-count
2025-12-03 16:07:09 [[32minfo[39m]: GET /api/v1/messages/unread-count
2025-12-03 16:08:09 [[32minfo[39m]: GET /api/v1/messages/unread-count
2025-12-03 16:09:09 [[32minfo[39m]: GET /api/v1/messages/unread-count
2025-12-03 16:10:09 [[32minfo[39m]: GET /api/v1/messages/unread-count
2025-12-03 16:11:09 [[32minfo[39m]: GET /api/v1/messages/unread-count
2025-12-03 16:12:09 [[32minfo[39m]: GET /api/v1/messages/unread-count
2025-12-03 16:13:09 [[32minfo[39m]: GET /api/v1/messages/unread-count
[31m[nodemon] app crashed - waiting for file changes before starting...[39m
